cl : Command line warning D9025: overriding '/sdl-' with '/GS-'
  vector.c
c:\users\monitor\documents\github\zrecovery\gumbo-parser\src\vector.c(33): warning C4267: '=': conversion from 'size_t' to 'unsigned int', possible loss of data
  util.c
  utf8.c
c:\users\monitor\documents\github\zrecovery\gumbo-parser\src\utf8.c(140): warning C4244: '=': conversion from '__int64' to 'int', possible loss of data
c:\users\monitor\documents\github\zrecovery\gumbo-parser\src\utf8.c(167): warning C4244: '=': conversion from '__int64' to 'int', possible loss of data
c:\users\monitor\documents\github\zrecovery\gumbo-parser\src\utf8.c(179): warning C4244: '=': conversion from '__int64' to 'int', possible loss of data
  tokenizer.c
c:\users\monitor\documents\github\zrecovery\gumbo-parser\src\tokenizer.c(380): warning C4267: 'initializing': conversion from 'size_t' to 'int', possible loss of data
c:\users\monitor\documents\github\zrecovery\gumbo-parser\src\tokenizer.c(754): warning C4267: 'function': conversion from 'size_t' to 'unsigned int', possible loss of data
c:\users\monitor\documents\github\zrecovery\gumbo-parser\src\tokenizer.c(842): warning C4267: 'function': conversion from 'size_t' to 'unsigned int', possible loss of data
  tag.c
c:\users\monitor\documents\github\zrecovery\gumbo-parser\src\tag.c(94): warning C4267: 'function': conversion from 'size_t' to 'unsigned int', possible loss of data
  string_piece.c
  string_buffer.c
  parser.c
c:\users\monitor\documents\github\zrecovery\gumbo-parser\src\parser.c(815): warning C4267: '=': conversion from 'size_t' to 'int', possible loss of data
c:\users\monitor\documents\github\zrecovery\gumbo-parser\src\parser.c(2848): warning C4267: 'initializing': conversion from 'size_t' to 'int', possible loss of data
  error.c
c:\users\monitor\documents\github\zrecovery\gumbo-parser\src\error.c(65): warning C4267: '=': conversion from 'size_t' to 'int', possible loss of data
c:\users\monitor\documents\github\zrecovery\gumbo-parser\src\error.c(36): warning C4267: 'initializing': conversion from 'size_t' to 'int', possible loss of data
  char_ref.c
char_ref.rl(2496): warning C4244: 'initializing': conversion from '__int64' to 'int', possible loss of data
  attribute.c
  Generating Code...
  gumbo.vcxproj -> C:\Users\Monitor\Documents\GitHub\ZRecovery\x64\Debug\gumbo.lib
